
> nodejs@1.0.0 dev
[dotenv@17.2.0] injecting env (5) from .env (tip: âš™ï¸  load multiple .env files with { path: ['.env.local', '.env'] })

ğŸ” åŒ—å¤§ç…å­æœƒç³»çµ±è¨ºæ–·å·¥å…·å•Ÿå‹•ä¸­...

============================================================
ğŸ¦ åŒ—å¤§ç…å­æœƒç³»çµ±è¨ºæ–·å ±å‘Š
============================================================
ğŸ“ 1. æƒæ /src ç›®éŒ„æª”æ¡ˆ...
âœ… src/routes/upload.ts èªæ³•æª¢æŸ¥é€šé
âœ… src/routes/admin.ts èªæ³•æª¢æŸ¥é€šé
âœ… src/routes/line/webhook.ts èªæ³•æª¢æŸ¥é€šé
âœ… src/routes/api/role-test.ts èªæ³•æª¢æŸ¥é€šé
âœ… src/routes/api/registration.ts èªæ³•æª¢æŸ¥é€šé
âœ… src/routes/api/members.ts èªæ³•æª¢æŸ¥é€šé
âœ… src/routes/api/liff.ts èªæ³•æª¢æŸ¥é€šé
âœ… src/routes/api/files.ts èªæ³•æª¢æŸ¥é€šé
âœ… src/routes/api/checkin.ts èªæ³•æª¢æŸ¥é€šé
âœ… src/routes/api/auth-example.ts èªæ³•æª¢æŸ¥é€šé
âœ… src/routes/api/announcements.ts èªæ³•æª¢æŸ¥é€šé
âœ… src/routes/admin/summary.ts èªæ³•æª¢æŸ¥é€šé
âœ… src/routes/admin/reports.ts èªæ³•æª¢æŸ¥é€šé
âœ… src/routes/admin/dashboard.ts èªæ³•æª¢æŸ¥é€šé
âœ… src/controllers/registrationController.ts èªæ³•æª¢æŸ¥é€šé
âœ… src/controllers/memberController.ts èªæ³•æª¢æŸ¥é€šé
âœ… src/controllers/lineController.ts èªæ³•æª¢æŸ¥é€šé
âœ… src/controllers/liffController.ts èªæ³•æª¢æŸ¥é€šé
âœ… src/controllers/index.ts èªæ³•æª¢æŸ¥é€šé
âœ… src/controllers/checkinController.ts èªæ³•æª¢æŸ¥é€šé
âœ… src/controllers/announcementController.ts èªæ³•æª¢æŸ¥é€šé
âœ… src/controllers/adminController.ts èªæ³•æª¢æŸ¥é€šé
âœ… src/middleware/roleMiddleware.ts èªæ³•æª¢æŸ¥é€šé
âœ… src/middleware/errorHandler.ts èªæ³•æª¢æŸ¥é€šé
âœ… src/middleware/authMiddleware.ts èªæ³•æª¢æŸ¥é€šé
âœ… src/middleware/AuthError.ts èªæ³•æª¢æŸ¥é€šé
âœ… src/models/registration.ts èªæ³•æª¢æŸ¥é€šé
âœ… src/models/payment.ts èªæ³•æª¢æŸ¥é€šé
âœ… src/models/messageLog.ts èªæ³•æª¢æŸ¥é€šé
âœ… src/models/member.ts èªæ³•æª¢æŸ¥é€šé
âœ… src/models/liffSession.ts èªæ³•æª¢æŸ¥é€šé
âœ… src/models/index.ts èªæ³•æª¢æŸ¥é€šé
âœ… src/models/file.ts èªæ³•æª¢æŸ¥é€šé
âœ… src/models/event.ts èªæ³•æª¢æŸ¥é€šé
âœ… src/models/checkin.ts èªæ³•æª¢æŸ¥é€šé
âœ… src/models/announcement.ts èªæ³•æª¢æŸ¥é€šé
âœ… src/utils/validationUtils.ts èªæ³•æª¢æŸ¥é€šé
âœ… src/utils/stringUtils.ts èªæ³•æª¢æŸ¥é€šé
âœ… src/utils/index.ts èªæ³•æª¢æŸ¥é€šé
âœ… src/utils/formatUtils.ts èªæ³•æª¢æŸ¥é€šé
âœ… src/utils/diagnostics/troubleshootReport.ts èªæ³•æª¢æŸ¥é€šé
âœ… src/utils/diagnostics/troubleshoot.ts èªæ³•æª¢æŸ¥é€šé
âœ… src/utils/diagnostics/systemHealth.ts èªæ³•æª¢æŸ¥é€šé
âœ… src/utils/diagnostics/systemDiagnostics.ts èªæ³•æª¢æŸ¥é€šé
âœ… src/utils/diagnostics/systemCheck.ts èªæ³•æª¢æŸ¥é€šé
âœ… src/utils/diagnostics/runner.ts èªæ³•æª¢æŸ¥é€šé
âœ… src/utils/diagnostics/liffDiagnostics.ts èªæ³•æª¢æŸ¥é€šé
âš ï¸ src/utils/diagnostics/index.ts: async å‡½æ•¸ç¼ºå°‘éŒ¯èª¤è™•ç†
âœ… src/utils/diagnostics/index.ts èªæ³•æª¢æŸ¥é€šé
âœ… src/utils/diagnostics/fullSystemDiagnostics.ts èªæ³•æª¢æŸ¥é€šé
âœ… src/utils/diagnostics/envValidation.ts èªæ³•æª¢æŸ¥é€šé
âœ… src/utils/diagnostics/envCheck.ts èªæ³•æª¢æŸ¥é€šé
âœ… src/utils/diagnostics/diagnostics.ts èªæ³•æª¢æŸ¥é€šé
âœ… src/utils/diagnostics/detailedTroubleshootReport.ts èªæ³•æª¢æŸ¥é€šé
âœ… æ‰€æœ‰æºç¢¼æª”æ¡ˆæª¢æŸ¥é€šé

ğŸ”§ 2. æª¢æŸ¥ç’°å¢ƒè®Šæ•¸...
âœ… .env æª”æ¡ˆå­˜åœ¨ä¸”å¯è®€å–
âœ… æ‰€æœ‰ä½¿ç”¨çš„ç’°å¢ƒè®Šæ•¸éƒ½å·²å®šç¾©
ğŸ“‹ å·²è¨­å®šçš„ç’°å¢ƒè®Šæ•¸: LINE_CHANNEL_SECRET, LINE_CHANNEL_ACCESS_TOKEN, DATABASE_URL, NODE_ENV, PORT, CLOUDINARY_CLOUD_NAME, CLOUDINARY_API_KEY, CLOUDINARY_API_SECRET, LIFF_ID, LIFF_APP_ID

ğŸ¨ 3. æª¢æŸ¥å‰ç«¯æª”æ¡ˆ...
âœ… ç™¼ç¾å‰ç«¯ç›®éŒ„: public
âœ… public/register.html åŒ…å«å¿…è¦è³‡æº
âœ… public/liff.html åŒ…å«å¿…è¦è³‡æº
âœ… ç™¼ç¾å‰ç«¯ç›®éŒ„: client/src
âœ… client/src/main.tsx èªæ³•æ­£ç¢º
âœ… client/src/App.tsx èªæ³•æ­£ç¢º
âœ… client/src/pages/Register.tsx èªæ³•æ­£ç¢º
âœ… client/src/pages/Profile.tsx èªæ³•æ­£ç¢º
âœ… client/src/pages/NotFoundPage.tsx èªæ³•æ­£ç¢º
âœ… client/src/pages/Home.tsx èªæ³•æ­£ç¢º
âœ… client/src/pages/Checkin.tsx èªæ³•æ­£ç¢º
âœ… client/src/pages/Admin.tsx èªæ³•æ­£ç¢º

ğŸ¥ 4. åŸ·è¡Œ Health Check...
ğŸ” åŒ—å¤§ç…å­æœƒç³»çµ±å•é¡Œæ’æŸ¥å ±å‘Š

============================================================

1ï¸âƒ£ æƒæ /src ç›®éŒ„æª”æ¡ˆéŒ¯èª¤...
âŒ TypeScript ç·¨è­¯éŒ¯èª¤
src/controllers/checkinController.ts(20,54): error TS2769: No overload matches this call.
  Overload 1 of 2, '(this: ModelStatic<Member>, options: NonNullFindOptions<MemberAttributes>): Promise<Member>', gave the following error.
    Object literal may only specify known properties, and 'line_uid' does not exist in type 'WhereOptions<MemberAttributes>'.
  Overload 2 of 2, '(this: ModelStatic<Member>, options?: FindOptions<MemberAttributes> | undefined): Promise<Member | null>', gave the following error.
    Object literal may only specify known properties, and 'line_uid' does not exist in type 'WhereOptions<MemberAttributes>'.
src/controllers/checkinController.ts(98,54): error TS2769: No overload matches this call.
  Overload 1 of 2, '(this: ModelStatic<Member>, options: NonNullFindOptions<MemberAttributes>): Promise<Member>', gave the following error.
    Object literal may only specify known properties, and 'line_uid' does not exist in type 'WhereOptions<MemberAttributes>'.
  Overload 2 of 2, '(this: ModelStatic<Member>, options?: FindOptions<MemberAttributes> | undefined): Promise<Member | null>', gave the following error.
    Object literal may only specify known properties, and 'line_uid' does not exist in type 'WhereOptions<MemberAttributes>'.
src/controllers/checkinController.ts(116,27): error TS2339: Property 'line_uid' does not exist on type 'Member'.
src/controllers/registrationController.ts(50,18): error TS2769: No overload matches this call.
  Overload 1 of 2, '(this: ModelStatic<Member>, options: NonNullFindOptions<MemberAttributes>): Promise<Member>', gave the following error.
    Object literal may only specify known properties, and 'line_uid' does not exist in type 'WhereOptions<MemberAttributes>'.
  Overload 2 of 2, '(this: ModelStatic<Member>, options?: FindOptions<MemberAttributes> | undefined): Promise<Member | null>', gave the following error.
    Object literal may only specify known properties, and 'line_uid' does not exist in type 'WhereOptions<MemberAttributes>'.
src/controllers/registrationController.ts(71,9): error TS2353: Object literal may only specify known properties, and 'line_uid' does not exist in type 'MemberCreationAttributes'.
src/controllers/registrationController.ts(121,18): error TS2769: No overload matches this call.
  Overload 1 of 2, '(this: ModelStatic<Member>, options: NonNullFindOptions<MemberAttributes>): Promise<Member>', gave the following error.
    Object literal may only specify known properties, and 'line_uid' does not exist in type 'WhereOptions<MemberAttributes>'.
  Overload 2 of 2, '(this: ModelStatic<Member>, options?: FindOptions<MemberAttributes> | undefined): Promise<Member | null>', gave the following error.
    Object literal may only specify known properties, and 'line_uid' does not exist in type 'WhereOptions<MemberAttributes>'.
src/integrations/line/lineService.ts(79,16): error TS2769: No overload matches this call.
  Overload 1 of 2, '(this: ModelStatic<Member>, options: NonNullFindOptions<MemberAttributes>): Promise<Member>', gave the following error.
    Object literal may only specify known properties, and 'line_uid' does not exist in type 'WhereOptions<MemberAttributes>'.
  Overload 2 of 2, '(this: ModelStatic<Member>, options?: FindOptions<MemberAttributes> | undefined): Promise<Member | null>', gave the following error.
    Object literal may only specify known properties, and 'line_uid' does not exist in type 'WhereOptions<MemberAttributes>'.
src/integrations/line/lineService.ts(92,64): error TS2345: Argument of type 'string | undefined' is not assignable to parameter of type 'string'.
  Type 'undefined' is not assignable to type 'string'.
src/integrations/line/lineService.ts(170,50): error TS2345: Argument of type '{ type: "flex"; altText: string; contents: { type: string; body: { type: string; layout: string; contents: ({ type: string; text: string; weight: string; size: string; color: string; margin?: undefined; wrap?: undefined; } | { ...; } | { ...; })[]; }; footer: { ...; }; }; }' is not assignable to parameter of type 'Message | Message[]'.
  Type '{ type: "flex"; altText: string; contents: { type: string; body: { type: string; layout: string; contents: ({ type: string; text: string; weight: string; size: string; color: string; margin?: undefined; wrap?: undefined; } | { ...; } | { ...; })[]; }; footer: { ...; }; }; }' is not assignable to type 'FlexMessage'.
    Type '{ type: "flex"; altText: string; contents: { type: string; body: { type: string; layout: string; contents: ({ type: string; text: string; weight: string; size: string; color: string; margin?: undefined; wrap?: undefined; } | { ...; } | { ...; })[]; }; footer: { ...; }; }; }' is not assignable to type '{ type: "flex"; altText: string; contents: FlexContainer; }'.
      Types of property 'contents' are incompatible.
        Type '{ type: string; body: { type: string; layout: string; contents: ({ type: string; text: string; weight: string; size: string; color: string; margin?: undefined; wrap?: undefined; } | { type: string; text: string; ... 4 more ...; wrap?: undefined; } | { ...; })[]; }; footer: { ...; }; }' is not assignable to type 'FlexContainer'.
          Type '{ type: string; body: { type: string; layout: string; contents: ({ type: string; text: string; weight: string; size: string; color: string; margin?: undefined; wrap?: undefined; } | { type: string; text: string; ... 4 more ...; wrap?: undefined; } | { ...; })[]; }; footer: { ...; }; }' is not assignable to type 'FlexBubble'.
            Types of property 'type' are incompatible.
              Type 'string' is not assignable to type '"bubble"'.
src/integrations/line/lineService.ts(192,16): error TS2769: No overload matches this call.
  Overload 1 of 2, '(this: ModelStatic<Member>, options: NonNullFindOptions<MemberAttributes>): Promise<Member>', gave the following error.
    Object literal may only specify known properties, and 'line_uid' does not exist in type 'WhereOptions<MemberAttributes>'.
  Overload 2 of 2, '(this: ModelStatic<Member>, options?: FindOptions<MemberAttributes> | undefined): Promise<Member | null>', gave the following error.
    Object literal may only specify known properties, and 'line_uid' does not exist in type 'WhereOptions<MemberAttributes>'.
src/integrations/line/lineService.ts(256,49): error TS2345: Argument of type '{ type: "flex"; altText: string; contents: { type: string; body: { type: string; layout: string; contents: ({ type: string; text: string; weight: string; size: string; color: string; wrap?: undefined; margin?: undefined; } | { ...; } | { ...; })[]; }; footer: { ...; }; }; }' is not assignable to parameter of type 'Message | Message[]'.
  Type '{ type: "flex"; altText: string; contents: { type: string; body: { type: string; layout: string; contents: ({ type: string; text: string; weight: string; size: string; color: string; wrap?: undefined; margin?: undefined; } | { ...; } | { ...; })[]; }; footer: { ...; }; }; }' is not assignable to type 'FlexMessage'.
    Type '{ type: "flex"; altText: string; contents: { type: string; body: { type: string; layout: string; contents: ({ type: string; text: string; weight: string; size: string; color: string; wrap?: undefined; margin?: undefined; } | { ...; } | { ...; })[]; }; footer: { ...; }; }; }' is not assignable to type '{ type: "flex"; altText: string; contents: FlexContainer; }'.
      Types of property 'contents' are incompatible.
        Type '{ type: string; body: { type: string; layout: string; contents: ({ type: string; text: string; weight: string; size: string; color: string; wrap?: undefined; margin?: undefined; } | { type: string; text: string; ... 4 more ...; margin?: undefined; } | { ...; })[]; }; footer: { ...; }; }' is not assignable to type 'FlexContainer'.
          Type '{ type: string; body: { type: string; layout: string; contents: ({ type: string; text: string; weight: string; size: string; color: string; wrap?: undefined; margin?: undefined; } | { type: string; text: string; ... 4 more ...; margin?: undefined; } | { ...; })[]; }; footer: { ...; }; }' is not assignable to type 'FlexBubble'.
            Types of property 'type' are incompatible.
              Type 'string' is not assignable to type '"bubble"'.
src/middleware/authMiddleware.ts(33,16): error TS2769: No overload matches this call.
  Overload 1 of 2, '(this: ModelStatic<Member>, options: NonNullFindOptions<MemberAttributes>): Promise<Member>', gave the following error.
    Object literal may only specify known properties, and 'line_uid' does not exist in type 'WhereOptions<MemberAttributes>'.
  Overload 2 of 2, '(this: ModelStatic<Member>, options?: FindOptions<MemberAttributes> | undefined): Promise<Member | null>', gave the following error.
    Object literal may only specify known properties, and 'line_uid' does not exist in type 'WhereOptions<MemberAttributes>'.
src/middleware/authMiddleware.ts(70,18): error TS2769: No overload matches this call.
  Overload 1 of 2, '(this: ModelStatic<Member>, options: NonNullFindOptions<MemberAttributes>): Promise<Member>', gave the following error.
    Object literal may only specify known properties, and 'line_uid' does not exist in type 'WhereOptions<MemberAttributes>'.
  Overload 2 of 2, '(this: ModelStatic<Member>, options?: FindOptions<MemberAttributes> | undefined): Promise<Member | null>', gave the following error.
    Object literal may only specify known properties, and 'line_uid' does not exist in type 'WhereOptions<MemberAttributes>'.
src/scripts/test/testServiceFunctions.ts(61,73): error TS2339: Property 'line_uid' does not exist on type 'Member'.
src/scripts/tools/fullSystemTest.ts(10,41): error TS2307: Cannot find module '../controllers/lineController' or its corresponding type declarations.
src/scripts/tools/fullSystemTest.ts(11,43): error TS2307: Cannot find module '../controllers/memberController' or its corresponding type declarations.
src/scripts/tools/fullSystemTest.ts(12,49): error TS2307: Cannot find module '../controllers/announcementController' or its corresponding type declarations.
src/scripts/tools/fullSystemTest.ts(13,44): error TS2307: Cannot find module '../controllers/checkinController' or its corresponding type declarations.
src/scripts/tools/fullSystemTest.ts(14,41): error TS2307: Cannot find module '../controllers/liffController' or its corresponding type declarations.
src/scripts/tools/fullSystemTest.ts(24,38): error TS2307: Cannot find module '../routes/line/webhook' or its corresponding type declarations.
src/scripts/tools/fullSystemTest.ts(25,39): error TS2307: Cannot find module '../routes/api/members' or its corresponding type declarations.
src/scripts/tools/fullSystemTest.ts(26,45): error TS2307: Cannot find module '../routes/api/announcements' or its corresponding type declarations.
src/scripts/tools/fullSystemTest.ts(27,40): error TS2307: Cannot find module '../routes/api/checkin' or its corresponding type declarations.
src/scripts/tools/fullSystemTest.ts(28,37): error TS2307: Cannot find module '../routes/api/liff' or its corresponding type declarations.
src/scripts/tools/fullSystemTest.ts(29,38): error TS2307: Cannot find module '../routes/admin' or its corresponding type declarations.
src/scripts/tools/fullSystemTest.ts(39,38): error TS2307: Cannot find module '../services/lineService' or its corresponding type declarations.
src/scripts/tools/fullSystemTest.ts(49,33): error TS2307: Cannot find module '../models/index' or its corresponding type declarations.
src/scripts/tools/quickStart.ts(4,24): error TS2307: Cannot find module '../config/config' or its corresponding type declarations.
src/scripts/tools/quickStart.ts(5,23): error TS2307: Cannot find module '../config/database' or its corresponding type declarations.
src/scripts/tools/quickStart.ts(7,25): error TS2307: Cannot find module '../routes/admin' or its corresponding type declarations.
src/scripts/tools/quickStart.ts(8,26): error TS2307: Cannot find module '../routes/api/members' or its corresponding type declarations.
src/scripts/tools/quickStart.ts(9,27): error TS2307: Cannot find module '../routes/api/checkin' or its corresponding type declarations.
src/scripts/tools/quickStart.ts(10,24): error TS2307: Cannot find module '../routes/api/liff' or its corresponding type declarations.
src/scripts/tools/quickStart.ts(11,32): error TS2307: Cannot find module '../routes/api/announcements' or its corresponding type declarations.
src/scripts/tools/quickStart.ts(12,25): error TS2307: Cannot find module '../routes/line/webhook' or its corresponding type declarations.
src/scripts/tools/testLineModule.ts(3,40): error TS2307: Cannot find module '../types/line' or its corresponding type declarations.
src/scripts/tools/testLineModule.ts(40,34): error TS2307: Cannot find module '../routes/line/webhook' or its corresponding type declarations.
src/scripts/tools/testLineWebhook.ts(4,24): error TS2307: Cannot find module '../config/config' or its corresponding type declarations.
src/scripts/tools/testRoutesRefactor.ts(2,30): error TS2307: Cannot find module '../controllers/memberController' or its corresponding type declarations.
src/scripts/tools/testRoutesRefactor.ts(3,36): error TS2307: Cannot find module '../controllers/announcementController' or its corresponding type declarations.
src/scripts/tools/testRoutesRefactor.ts(4,31): error TS2307: Cannot find module '../controllers/checkinController' or its corresponding type declarations.
src/scripts/tools/testRoutesRefactor.ts(5,28): error TS2307: Cannot find module '../controllers/liffController' or its corresponding type declarations.
src/scripts/tools/testRoutesRefactor.ts(24,39): error TS2307: Cannot find module '../routes/api/members' or its corresponding type declarations.
src/scripts/tools/testRoutesRefactor.ts(25,45): error TS2307: Cannot find module '../routes/api/announcements' or its corresponding type declarations.
src/scripts/tools/testRoutesRefactor.ts(26,40): error TS2307: Cannot find module '../routes/api/checkin' or its corresponding type declarations.
src/scripts/tools/testRoutesRefactor.ts(27,37): error TS2307: Cannot find module '../routes/api/liff' or its corresponding type declarations.
src/services/adminService.ts(107,11): error TS2769: No overload matches this call.
  Overload 1 of 2, '(this: ModelStatic<...>, options: { logging?: boolean | ((sql: string, timing?: number | undefined) => void) | undefined; col?: string | undefined; where?: WhereOptions<MemberAttributes> | undefined; ... 7 more ...; group: GroupOption; }): Promise<...>', gave the following error.
    Type '{ line_user_id: { [OpTypes.ne]: null; }; status: string; }' is not assignable to type 'WhereOptions<MemberAttributes> | undefined'.
      Types of property 'line_user_id' are incompatible.
        Type '{ [OpTypes.ne]: null; }' is not assignable to type 'WhereAttributeHashValue<string | undefined>'.
          Types of property '[Op.ne]' are incompatible.
            Type 'null' is not assignable to type 'string | number | boolean | Date | Fn | Col | Literal | { [OpTypes.col]: string; } | Cast | Buffer<ArrayBufferLike> | { [OpTypes.all]: Literal | ... 1 more ... | { ...; }; } | { ...; } | { ...; } | { ...; } | undefined'.
  Overload 2 of 2, '(this: ModelStatic<Member>, options?: Omit<CountOptions<MemberAttributes>, "group"> | undefined): Promise<number>', gave the following error.
    Type '{ line_user_id: { [OpTypes.ne]: null; }; status: string; }' is not assignable to type 'WhereOptions<MemberAttributes> | undefined'.
      Types of property 'line_user_id' are incompatible.
        Type '{ [OpTypes.ne]: null; }' is not assignable to type 'WhereAttributeHashValue<string | undefined>'.
          Types of property '[Op.ne]' are incompatible.
            Type 'null' is not assignable to type 'string | number | boolean | Date | Fn | Col | Literal | { [OpTypes.col]: string; } | Cast | Buffer<ArrayBufferLike> | { [OpTypes.all]: Literal | ... 1 more ... | { ...; }; } | { ...; } | { ...; } | { ...; } | undefined'.
src/services/index.ts(7,40): error TS2307: Cannot find module './lineService' or its corresponding type declarations.
src/types/index.ts(82,1): error TS2308: Module './registration' has already exported a member named 'PaymentStatus'. Consider explicitly re-exporting to resolve the ambiguity.
src/types/role.ts(67,37): error TS2345: Argument of type 'Role' is not assignable to parameter of type 'Role.President | Role.Admin'.
src/utils/diagnostics/index.ts(3,10): error TS2305: Module '"./envCheck"' has no exported member 'checkEnvironment'.
src/utils/diagnostics/index.ts(8,10): error TS2724: '"./systemHealth"' has no exported member named 'SystemHealthChecker'. Did you mean 'runSystemHealthCheck'?
src/utils/diagnostics/index.ts(13,10): error TS2305: Module '"./liffDiagnostics"' has no exported member 'default'.
src/utils/diagnostics/index.ts(16,10): error TS2305: Module '"./troubleshoot"' has no exported member 'generateTroubleshootReport'.
src/utils/diagnostics/index.ts(17,10): error TS2305: Module '"./troubleshootReport"' has no exported member 'createTroubleshootReport'.
src/utils/diagnostics/index.ts(18,10): error TS2305: Module '"./detailedTroubleshootReport"' has no exported member 'generateDetailedReport'.
src/utils/diagnostics/index.ts(45,28): error TS2304: Cannot find name 'SystemDiagnostics'.
src/utils/diagnostics/index.ts(46,26): error TS2304: Cannot find name 'LiffDiagnostics'.
src/utils/diagnostics/index.ts(47,31): error TS2552: Cannot find name 'SystemHealthChecker'. Did you mean 'healthChecker'?
src/utils/diagnostics/troubleshoot.ts(279,53): error TS2307: Cannot find module '../tools/systemHealth' or its corresponding type declarations.
src/utils/index.ts(7,38): error TS2307: Cannot find module './envCheck' or its corresponding type declarations.
src/utils/index.ts(8,37): error TS2307: Cannot find module './envValidation' or its corresponding type declarations.

âœ… src/routes/upload.ts æª¢æŸ¥é€šé
âœ… src/routes/admin.ts æª¢æŸ¥é€šé
âœ… src/routes/line/webhook.ts æª¢æŸ¥é€šé
âœ… src/routes/api/role-test.ts æª¢æŸ¥é€šé
âœ… src/routes/api/registration.ts æª¢æŸ¥é€šé
âœ… src/routes/api/members.ts æª¢æŸ¥é€šé
âš ï¸ src/routes/api/liff.ts: ä½¿ç”¨ç’°å¢ƒè®Šæ•¸ä½†æœªè¼‰å…¥ dotenv: process.env.LIFF_APP_ID
âœ… src/routes/api/files.ts æª¢æŸ¥é€šé
âœ… src/routes/api/checkin.ts æª¢æŸ¥é€šé
âœ… src/routes/api/auth-example.ts æª¢æŸ¥é€šé
âœ… src/routes/api/announcements.ts æª¢æŸ¥é€šé
âœ… src/routes/admin/summary.ts æª¢æŸ¥é€šé
âœ… src/routes/admin/reports.ts æª¢æŸ¥é€šé
âœ… src/routes/admin/dashboard.ts æª¢æŸ¥é€šé
âœ… src/controllers/registrationController.ts æª¢æŸ¥é€šé
âœ… src/controllers/memberController.ts æª¢æŸ¥é€šé
âœ… src/controllers/lineController.ts æª¢æŸ¥é€šé
âœ… src/controllers/liffController.ts æª¢æŸ¥é€šé
âœ… src/controllers/index.ts æª¢æŸ¥é€šé
âœ… src/controllers/checkinController.ts æª¢æŸ¥é€šé
âœ… src/controllers/announcementController.ts æª¢æŸ¥é€šé
âœ… src/controllers/adminController.ts æª¢æŸ¥é€šé
âœ… src/middleware/roleMiddleware.ts æª¢æŸ¥é€šé
âœ… src/middleware/errorHandler.ts æª¢æŸ¥é€šé
âœ… src/middleware/authMiddleware.ts æª¢æŸ¥é€šé
âœ… src/middleware/AuthError.ts æª¢æŸ¥é€šé
âœ… src/models/registration.ts æª¢æŸ¥é€šé
âœ… src/models/payment.ts æª¢æŸ¥é€šé
âœ… src/models/messageLog.ts æª¢æŸ¥é€šé
âœ… src/models/member.ts æª¢æŸ¥é€šé
âœ… src/models/liffSession.ts æª¢æŸ¥é€šé
âœ… src/models/index.ts æª¢æŸ¥é€šé
âœ… src/models/file.ts æª¢æŸ¥é€šé
âœ… src/models/event.ts æª¢æŸ¥é€šé
âœ… src/models/checkin.ts æª¢æŸ¥é€šé
âœ… src/models/announcement.ts æª¢æŸ¥é€šé
âœ… src/utils/validationUtils.ts æª¢æŸ¥é€šé
âœ… src/utils/stringUtils.ts æª¢æŸ¥é€šé
âœ… src/utils/index.ts æª¢æŸ¥é€šé
âœ… src/utils/formatUtils.ts æª¢æŸ¥é€šé
âš ï¸ src/utils/diagnostics/troubleshootReport.ts: ä½¿ç”¨ç’°å¢ƒè®Šæ•¸ä½†æœªè¼‰å…¥ dotenv: process.env.PORT
âœ… src/utils/diagnostics/troubleshoot.ts æª¢æŸ¥é€šé
âœ… src/utils/diagnostics/systemHealth.ts æª¢æŸ¥é€šé
âœ… src/utils/diagnostics/systemDiagnostics.ts æª¢æŸ¥é€šé
âœ… src/utils/diagnostics/systemCheck.ts æª¢æŸ¥é€šé
âœ… src/utils/diagnostics/runner.ts æª¢æŸ¥é€šé
âš ï¸ src/utils/diagnostics/liffDiagnostics.ts: ä½¿ç”¨ç’°å¢ƒè®Šæ•¸ä½†æœªè¼‰å…¥ dotenv: process.env.LIFF_APP_ID, process.env.LINE_CHANNEL_ACCESS_TOKEN, process.env.LINE_CHANNEL_SECRET
âš ï¸ src/utils/diagnostics/index.ts: async å‡½æ•¸ç¼ºå°‘éŒ¯èª¤è™•ç†
âš ï¸ src/utils/diagnostics/fullSystemDiagnostics.ts: ä½¿ç”¨ç’°å¢ƒè®Šæ•¸ä½†æœªè¼‰å…¥ dotenv: process.env.PORT
âš ï¸ src/utils/diagnostics/envValidation.ts: ä½¿ç”¨ç’°å¢ƒè®Šæ•¸ä½†æœªè¼‰å…¥ dotenv: process.env.NODE_ENV, process.env.NODE_ENV, process.env.NODE_ENV
âœ… src/utils/diagnostics/envCheck.ts æª¢æŸ¥é€šé
âœ… src/utils/diagnostics/diagnostics.ts æª¢æŸ¥é€šé
âœ… src/utils/diagnostics/detailedTroubleshootReport.ts æª¢æŸ¥é€šé
ğŸ” é–‹å§‹ç³»çµ±å•é¡Œæ’æŸ¥...

ğŸ“ 1. æƒæ /src ç›®éŒ„æª”æ¡ˆ...
ğŸ”§ 2. æª¢æŸ¥ç’°å¢ƒè®Šæ•¸...
ğŸ¨ 3. æª¢æŸ¥å‰ç«¯æª”æ¡ˆ...
ğŸ¥ 4. åŸ·è¡Œ Health Check...
ğŸ” åŒ—å¤§ç…å­æœƒç³»çµ±å®Œæ•´å•é¡Œæ’æŸ¥å ±å‘Š
================================================================================

ğŸ“ æ­¥é©Ÿ 1: æƒæ /src ç›®éŒ„éŒ¯èª¤...
âŒ TypeScript ç·¨è­¯éŒ¯èª¤
ğŸ“‹ æƒæ Routes: 14 å€‹æª”æ¡ˆ
ğŸ“‹ æƒæ Controllers: 8 å€‹æª”æ¡ˆ
ğŸ“‹ æƒæ Middleware: 4 å€‹æª”æ¡ˆ
[dotenv@17.2.0] injecting env (0) from .env (tip: âš™ï¸  override existing env vars with { override: true })
âœ… æ‰€æœ‰ç’°å¢ƒè®Šæ•¸å·²è¨­å®š: [
  'NODE_ENV',
  'LINE_CHANNEL_ACCESS_TOKEN',
  'LINE_CHANNEL_SECRET',
  'DATABASE_URL',
  'PORT'
]

2ï¸âƒ£ æª¢æŸ¥ç’°å¢ƒè®Šæ•¸...
âœ… .env æª”æ¡ˆå­˜åœ¨
âœ… ç’°å¢ƒè®Šæ•¸æª¢æŸ¥é€šé
ğŸ“‹ å·²è¨­å®šè®Šæ•¸: LINE_CHANNEL_SECRET, LINE_CHANNEL_ACCESS_TOKEN, DATABASE_URL, NODE_ENV, PORT, CLOUDINARY_CLOUD_NAME, CLOUDINARY_API_KEY, CLOUDINARY_API_SECRET, LIFF_ID, LIFF_APP_ID

ğŸ”§ æ­¥é©Ÿ 2: æª¢æŸ¥ç’°å¢ƒè®Šæ•¸...
âœ… æ‰€æœ‰å¿…è¦ç’°å¢ƒè®Šæ•¸å·²è¨­å®š

3ï¸âƒ£ æª¢æŸ¥å‰ç«¯æª”æ¡ˆ...
âœ… ç™¼ç¾å‰ç«¯ç›®éŒ„: public
âœ… public/register.html åŒ…å«å¿…è¦è³‡æº
âœ… public/liff.html åŒ…å«å¿…è¦è³‡æº
âœ… ç™¼ç¾å‰ç«¯ç›®éŒ„: client/src
ğŸ“¦ æª¢æŸ¥å‰ç«¯å¥—ä»¶...
âœ… å‰ç«¯å¥—ä»¶æ­£å¸¸
âœ… ç™¼ç¾å‰ç«¯ç›®éŒ„: client
âœ… client/index.html åŒ…å«å¿…è¦è³‡æº
âœ… client/node_modules/tslib/tslib.html åŒ…å«å¿…è¦è³‡æº
âœ… client/node_modules/tslib/tslib.es6.html åŒ…å«å¿…è¦è³‡æº
âœ… client/node_modules/tiny-sha256/index.html åŒ…å«å¿…è¦è³‡æº
âœ… client/node_modules/tiny-sha256/templates/index.html åŒ…å«å¿…è¦è³‡æº
âœ… client/dist/index.html åŒ…å«å¿…è¦è³‡æº
ğŸ“¦ æª¢æŸ¥å‰ç«¯å¥—ä»¶...
âœ… å‰ç«¯å¥—ä»¶æ­£å¸¸

ğŸ¨ æ­¥é©Ÿ 3: æª¢æŸ¥å‰ç«¯æª”æ¡ˆ...
ğŸ“‹ æ‰¾åˆ° 2 å€‹ HTML æª”æ¡ˆ
ğŸ“‹ æª¢æŸ¥ React å‰ç«¯...
âœ… å‰ç«¯å°ˆæ¡ˆ: peida-lions-client

4ï¸âƒ£ åŸ·è¡Œ Health Check...

ğŸ¥ æ­¥é©Ÿ 4: åŸ·è¡Œ Health Check...
âŒ Health check é€¾æ™‚ (5ç§’)
ğŸ—„ï¸ 5. æ¸¬è©¦è³‡æ–™åº«é€£ç·š...

================================================================================
ğŸ¦ åŒ—å¤§ç…å­æœƒç³»çµ±å•é¡Œæ’æŸ¥å ±å‘Š
================================================================================
âœ… é€šéé …ç›®: 74å€‹
âš ï¸ è­¦å‘Šé …ç›®: 24å€‹
âŒ éŒ¯èª¤é …ç›®: 1å€‹

âŒ éŒ¯èª¤é …ç›® (1å€‹):
1. [Health Check] Health check é€¾æ™‚
   å»ºè­°: æª¢æŸ¥ä¼ºæœå™¨å›æ‡‰æ™‚é–“, ç¢ºèªç¶²è·¯é€£ç·š


âš ï¸ è­¦å‘Šé …ç›® (24å€‹):
1. [Source Files] src/routes/line/webhook.ts: å¯èƒ½æœ‰æœªä½¿ç”¨çš„ import: middleware
   å»ºè­°: ç§»é™¤æœªä½¿ç”¨çš„ import, æª¢æŸ¥ç¨‹å¼ç¢¼ä½¿ç”¨æƒ…æ³

2. [Source Files] src/middleware/roleMiddleware.ts: å¯èƒ½æœ‰æœªä½¿ç”¨çš„ import: roleRank
   å»ºè­°: ç§»é™¤æœªä½¿ç”¨çš„ import, æª¢æŸ¥ç¨‹å¼ç¢¼ä½¿ç”¨æƒ…æ³

3. [Source Files] src/middleware/authMiddleware.ts: ä½¿ç”¨ any å‹åˆ¥å¯èƒ½å°è‡´å‹åˆ¥å®‰å…¨å•é¡Œ
   å»ºè­°: æ˜ç¢ºå®šç¾©å‹åˆ¥, ä½¿ç”¨å…·é«”çš„ä»‹é¢

4. [Source Files] src/middleware/authMiddleware.ts: å¯èƒ½æœ‰æœªä½¿ç”¨çš„ import: Role
   å»ºè­°: ç§»é™¤æœªä½¿ç”¨çš„ import, æª¢æŸ¥ç¨‹å¼ç¢¼ä½¿ç”¨æƒ…æ³

5. [Source Files] src/services/registrationService.ts: ä½¿ç”¨ any å‹åˆ¥å¯èƒ½å°è‡´å‹åˆ¥å®‰å…¨å•é¡Œ
   å»ºè­°: æ˜ç¢ºå®šç¾©å‹åˆ¥, ä½¿ç”¨å…·é«”çš„ä»‹é¢

6. [Source Files] src/services/registrationService.ts: å¯èƒ½æœ‰æœªä½¿ç”¨çš„ import: RegistrationCreationAttributes
   å»ºè­°: ç§»é™¤æœªä½¿ç”¨çš„ import, æª¢æŸ¥ç¨‹å¼ç¢¼ä½¿ç”¨æƒ…æ³

7. [Source Files] src/services/memberService.ts: ä½¿ç”¨ any å‹åˆ¥å¯èƒ½å°è‡´å‹åˆ¥å®‰å…¨å•é¡Œ
   å»ºè­°: æ˜ç¢ºå®šç¾©å‹åˆ¥, ä½¿ç”¨å…·é«”çš„ä»‹é¢

8. [Source Files] src/services/fileService.ts: ä½¿ç”¨ any å‹åˆ¥å¯èƒ½å°è‡´å‹åˆ¥å®‰å…¨å•é¡Œ
   å»ºè­°: æ˜ç¢ºå®šç¾©å‹åˆ¥, ä½¿ç”¨å…·é«”çš„ä»‹é¢

9. [Source Files] src/services/eventService.ts: ä½¿ç”¨ any å‹åˆ¥å¯èƒ½å°è‡´å‹åˆ¥å®‰å…¨å•é¡Œ
   å»ºè­°: æ˜ç¢ºå®šç¾©å‹åˆ¥, ä½¿ç”¨å…·é«”çš„ä»‹é¢

10. [Source Files] src/services/checkinService.ts: ä½¿ç”¨ any å‹åˆ¥å¯èƒ½å°è‡´å‹åˆ¥å®‰å…¨å•é¡Œ
   å»ºè­°: æ˜ç¢ºå®šç¾©å‹åˆ¥, ä½¿ç”¨å…·é«”çš„ä»‹é¢

11. [Source Files] src/services/announcementService.ts: ä½¿ç”¨ any å‹åˆ¥å¯èƒ½å°è‡´å‹åˆ¥å®‰å…¨å•é¡Œ
   å»ºè­°: æ˜ç¢ºå®šç¾©å‹åˆ¥, ä½¿ç”¨å…·é«”çš„ä»‹é¢

12. [Source Files] src/services/announcementService.ts: å¯èƒ½æœ‰æœªä½¿ç”¨çš„ import: AnnouncementAttributes
   å»ºè­°: ç§»é™¤æœªä½¿ç”¨çš„ import, æª¢æŸ¥ç¨‹å¼ç¢¼ä½¿ç”¨æƒ…æ³

13. [Source Files] src/services/adminService.ts: ä½¿ç”¨ any å‹åˆ¥å¯èƒ½å°è‡´å‹åˆ¥å®‰å…¨å•é¡Œ
   å»ºè­°: æ˜ç¢ºå®šç¾©å‹åˆ¥, ä½¿ç”¨å…·é«”çš„ä»‹é¢

14. [Source Files] src/utils/diagnostics/troubleshootReport.ts: ä½¿ç”¨ any å‹åˆ¥å¯èƒ½å°è‡´å‹åˆ¥å®‰å…¨å•é¡Œ
   å»ºè­°: æ˜ç¢ºå®šç¾©å‹åˆ¥, ä½¿ç”¨å…·é«”çš„ä»‹é¢

15. [Source Files] src/utils/diagnostics/troubleshoot.ts: ä½¿ç”¨ any å‹åˆ¥å¯èƒ½å°è‡´å‹åˆ¥å®‰å…¨å•é¡Œ
   å»ºè­°: æ˜ç¢ºå®šç¾©å‹åˆ¥, ä½¿ç”¨å…·é«”çš„ä»‹é¢

16. [Source Files] src/utils/diagnostics/systemCheck.ts: å¯èƒ½æœ‰æœªä½¿ç”¨çš„ import: Member
   å»ºè­°: ç§»é™¤æœªä½¿ç”¨çš„ import, æª¢æŸ¥ç¨‹å¼ç¢¼ä½¿ç”¨æƒ…æ³

17. [Source Files] src/utils/diagnostics/systemCheck.ts: å¯èƒ½æœ‰æœªä½¿ç”¨çš„ import: Event
   å»ºè­°: ç§»é™¤æœªä½¿ç”¨çš„ import, æª¢æŸ¥ç¨‹å¼ç¢¼ä½¿ç”¨æƒ…æ³

18. [Source Files] src/utils/diagnostics/systemCheck.ts: å¯èƒ½æœ‰æœªä½¿ç”¨çš„ import: Registration
   å»ºè­°: ç§»é™¤æœªä½¿ç”¨çš„ import, æª¢æŸ¥ç¨‹å¼ç¢¼ä½¿ç”¨æƒ…æ³

19. [Source Files] src/utils/diagnostics/systemCheck.ts: å¯èƒ½æœ‰æœªä½¿ç”¨çš„ import: Checkin
   å»ºè­°: ç§»é™¤æœªä½¿ç”¨çš„ import, æª¢æŸ¥ç¨‹å¼ç¢¼ä½¿ç”¨æƒ…æ³

20. [Source Files] src/utils/diagnostics/index.ts: async å‡½æ•¸ç¼ºå°‘éŒ¯èª¤è™•ç†
   å»ºè­°: æ·»åŠ  try-catch å€å¡Š, ä½¿ç”¨ .catch() è™•ç† Promise éŒ¯èª¤

21. [Source Files] src/utils/diagnostics/fullSystemDiagnostics.ts: ä½¿ç”¨ any å‹åˆ¥å¯èƒ½å°è‡´å‹åˆ¥å®‰å…¨å•é¡Œ
   å»ºè­°: æ˜ç¢ºå®šç¾©å‹åˆ¥, ä½¿ç”¨å…·é«”çš„ä»‹é¢

22. [Source Files] src/utils/diagnostics/diagnostics.ts: å¯èƒ½æœ‰æœªä½¿ç”¨çš„ import: execSync
   å»ºè­°: ç§»é™¤æœªä½¿ç”¨çš„ import, æª¢æŸ¥ç¨‹å¼ç¢¼ä½¿ç”¨æƒ…æ³

23. [Source Files] src/utils/diagnostics/detailedTroubleshootReport.ts: ä½¿ç”¨ any å‹åˆ¥å¯èƒ½å°è‡´å‹åˆ¥å®‰å…¨å•é¡Œ
   å»ºè­°: æ˜ç¢ºå®šç¾©å‹åˆ¥, ä½¿ç”¨å…·é«”çš„ä»‹é¢

24. [Source Files] src/utils/diagnostics/detailedTroubleshootReport.ts: å¯èƒ½æœ‰æœªä½¿ç”¨çš„ import: runSystemHealthCheck
   å»ºè­°: ç§»é™¤æœªä½¿ç”¨çš„ import, æª¢æŸ¥ç¨‹å¼ç¢¼ä½¿ç”¨æƒ…æ³


ğŸ’¡ ç¸½çµå»ºè­°:
1. å„ªå…ˆä¿®æ­£æ‰€æœ‰éŒ¯èª¤é …ç›®ï¼Œé€™äº›å¯èƒ½å°è‡´ç³»çµ±ç„¡æ³•æ­£å¸¸é‹ä½œ
2. æª¢è¦–è­¦å‘Šé …ç›®ï¼Œæå‡ç¨‹å¼ç¢¼å“è³ªå’Œç©©å®šæ€§
3. å®šæœŸåŸ·è¡Œæ­¤è¨ºæ–·å·¥å…·ï¼Œç¢ºä¿ç³»çµ±å¥åº·
4. å»ºè­°è¨­å®š CI/CD æµç¨‹ï¼Œè‡ªå‹•åŒ–å“è³ªæª¢æŸ¥

ğŸ“„ è©³ç´°å ±å‘Šå·²å„²å­˜è‡³: troubleshoot_report.json
âŒ ç„¡æ³•é€£æ¥åˆ° health check ç«¯é»: socket hang up
ğŸ’¡ è«‹ç¢ºèªä¼ºæœå™¨æ˜¯å¦åœ¨ 5000 åŸ åŸ·è¡Œ
âœ… Health check æˆåŠŸ (ç‹€æ…‹: 200)
ğŸ“‹ å›æ‡‰: {"status":"healthy","timestamp":"2025-07-18T14:48:28.259Z","version":"4.0","uptime":1306.330600287,"database":"connected","services":{"line":"configured","routes":["admin","checkin","members","webhook"]}}

5ï¸âƒ£ æª¢æŸ¥è³‡æ–™åº«é€£ç·š...
âŒ è³‡æ–™åº«æª¢æŸ¥å¤±æ•—: Cannot find module '/home/runner/workspace/src/utils/tools/systemHealth' imported from /home/runner/workspace/src/utils/diagnostics/troubleshoot.ts

============================================================
ğŸ“‹ ç³»çµ±å•é¡Œæ’æŸ¥å ±å‘Š
============================================================

ğŸš¨ éŒ¯èª¤é …ç›® (2å€‹):
âŒ [TypeScriptç·¨è­¯] TypeScript ç·¨è­¯éŒ¯èª¤
   è©³ç´°: src/controllers/checkinController.ts(20,54): error TS2769: No overload matches this call.
  Overload 1 of 2, '(this: ModelStatic<Member>, options: NonNullFindOptions<MemberAttributes>): Promise<Member>', gave the following error.
    Object literal may only specify known properties, and 'line_uid' does not exist in type 'WhereOptions<MemberAttributes>'.
  Overload 2 of 2, '(this: ModelStatic<Member>, options?: FindOptions<MemberAttributes> | undefined): Promise<Member | null>', gave the following error.
    Object literal may only specify known properties, and 'line_uid' does not exist in type 'WhereOptions<MemberAttributes>'.
src/controllers/checkinController.ts(98,54): error TS2769: No overload matches this call.
  Overload 1 of 2, '(this: ModelStatic<Member>, options: NonNullFindOptions<MemberAttributes>): Promise<Member>', gave the following error.
    Object literal may only specify known properties, and 'line_uid' does not exist in type 'WhereOptions<MemberAttributes>'.
  Overload 2 of 2, '(this: ModelStatic<Member>, options?: FindOptions<MemberAttributes> | undefined): Promise<Member | null>', gave the following error.
    Object literal may only specify known properties, and 'line_uid' does not exist in type 'WhereOptions<MemberAttributes>'.
src/controllers/checkinController.ts(116,27): error TS2339: Property 'line_uid' does not exist on type 'Member'.
src/controllers/registrationController.ts(50,18): error TS2769: No overload matches this call.
  Overload 1 of 2, '(this: ModelStatic<Member>, options: NonNullFindOptions<MemberAttributes>): Promise<Member>', gave the following error.
    Object literal may only specify known properties, and 'line_uid' does not exist in type 'WhereOptions<MemberAttributes>'.
  Overload 2 of 2, '(this: ModelStatic<Member>, options?: FindOptions<MemberAttributes> | undefined): Promise<Member | null>', gave the following error.
    Object literal may only specify known properties, and 'line_uid' does not exist in type 'WhereOptions<MemberAttributes>'.
src/controllers/registrationController.ts(71,9): error TS2353: Object literal may only specify known properties, and 'line_uid' does not exist in type 'MemberCreationAttributes'.
src/controllers/registrationController.ts(121,18): error TS2769: No overload matches this call.
  Overload 1 of 2, '(this: ModelStatic<Member>, options: NonNullFindOptions<MemberAttributes>): Promise<Member>', gave the following error.
    Object literal may only specify known properties, and 'line_uid' does not exist in type 'WhereOptions<MemberAttributes>'.
  Overload 2 of 2, '(this: ModelStatic<Member>, options?: FindOptions<MemberAttributes> | undefined): Promise<Member | null>', gave the following error.
    Object literal may only specify known properties, and 'line_uid' does not exist in type 'WhereOptions<MemberAttributes>'.
src/integrations/line/lineService.ts(79,16): error TS2769: No overload matches this call.
  Overload 1 of 2, '(this: ModelStatic<Member>, options: NonNullFindOptions<MemberAttributes>): Promise<Member>', gave the following error.
    Object literal may only specify known properties, and 'line_uid' does not exist in type 'WhereOptions<MemberAttributes>'.
  Overload 2 of 2, '(this: ModelStatic<Member>, options?: FindOptions<MemberAttributes> | undefined): Promise<Member | null>', gave the following error.
    Object literal may only specify known properties, and 'line_uid' does not exist in type 'WhereOptions<MemberAttributes>'.
src/integrations/line/lineService.ts(92,64): error TS2345: Argument of type 'string | undefined' is not assignable to parameter of type 'string'.
  Type 'undefined' is not assignable to type 'string'.
src/integrations/line/lineService.ts(170,50): error TS2345: Argument of type '{ type: "flex"; altText: string; contents: { type: string; body: { type: string; layout: string; contents: ({ type: string; text: string; weight: string; size: string; color: string; margin?: undefined; wrap?: undefined; } | { ...; } | { ...; })[]; }; footer: { ...; }; }; }' is not assignable to parameter of type 'Message | Message[]'.
  Type '{ type: "flex"; altText: string; contents: { type: string; body: { type: string; layout: string; contents: ({ type: string; text: string; weight: string; size: string; color: string; margin?: undefined; wrap?: undefined; } | { ...; } | { ...; })[]; }; footer: { ...; }; }; }' is not assignable to type 'FlexMessage'.
    Type '{ type: "flex"; altText: string; contents: { type: string; body: { type: string; layout: string; contents: ({ type: string; text: string; weight: string; size: string; color: string; margin?: undefined; wrap?: undefined; } | { ...; } | { ...; })[]; }; footer: { ...; }; }; }' is not assignable to type '{ type: "flex"; altText: string; contents: FlexContainer; }'.
      Types of property 'contents' are incompatible.
        Type '{ type: string; body: { type: string; layout: string; contents: ({ type: string; text: string; weight: string; size: string; color: string; margin?: undefined; wrap?: undefined; } | { type: string; text: string; ... 4 more ...; wrap?: undefined; } | { ...; })[]; }; footer: { ...; }; }' is not assignable to type 'FlexContainer'.
          Type '{ type: string; body: { type: string; layout: string; contents: ({ type: string; text: string; weight: string; size: string; color: string; margin?: undefined; wrap?: undefined; } | { type: string; text: string; ... 4 more ...; wrap?: undefined; } | { ...; })[]; }; footer: { ...; }; }' is not assignable to type 'FlexBubble'.
            Types of property 'type' are incompatible.
              Type 'string' is not assignable to type '"bubble"'.
src/integrations/line/lineService.ts(192,16): error TS2769: No overload matches this call.
  Overload 1 of 2, '(this: ModelStatic<Member>, options: NonNullFindOptions<MemberAttributes>): Promise<Member>', gave the following error.
    Object literal may only specify known properties, and 'line_uid' does not exist in type 'WhereOptions<MemberAttributes>'.
  Overload 2 of 2, '(this: ModelStatic<Member>, options?: FindOptions<MemberAttributes> | undefined): Promise<Member | null>', gave the following error.
    Object literal may only specify known properties, and 'line_uid' does not exist in type 'WhereOptions<MemberAttributes>'.
src/integrations/line/lineService.ts(256,49): error TS2345: Argument of type '{ type: "flex"; altText: string; contents: { type: string; body: { type: string; layout: string; contents: ({ type: string; text: string; weight: string; size: string; color: string; wrap?: undefined; margin?: undefined; } | { ...; } | { ...; })[]; }; footer: { ...; }; }; }' is not assignable to parameter of type 'Message | Message[]'.
  Type '{ type: "flex"; altText: string; contents: { type: string; body: { type: string; layout: string; contents: ({ type: string; text: string; weight: string; size: string; color: string; wrap?: undefined; margin?: undefined; } | { ...; } | { ...; })[]; }; footer: { ...; }; }; }' is not assignable to type 'FlexMessage'.
    Type '{ type: "flex"; altText: string; contents: { type: string; body: { type: string; layout: string; contents: ({ type: string; text: string; weight: string; size: string; color: string; wrap?: undefined; margin?: undefined; } | { ...; } | { ...; })[]; }; footer: { ...; }; }; }' is not assignable to type '{ type: "flex"; altText: string; contents: FlexContainer; }'.
      Types of property 'contents' are incompatible.
        Type '{ type: string; body: { type: string; layout: string; contents: ({ type: string; text: string; weight: string; size: string; color: string; wrap?: undefined; margin?: undefined; } | { type: string; text: string; ... 4 more ...; margin?: undefined; } | { ...; })[]; }; footer: { ...; }; }' is not assignable to type 'FlexContainer'.
          Type '{ type: string; body: { type: string; layout: string; contents: ({ type: string; text: string; weight: string; size: string; color: string; wrap?: undefined; margin?: undefined; } | { type: string; text: string; ... 4 more ...; margin?: undefined; } | { ...; })[]; }; footer: { ...; }; }' is not assignable to type 'FlexBubble'.
            Types of property 'type' are incompatible.
              Type 'string' is not assignable to type '"bubble"'.
src/middleware/authMiddleware.ts(33,16): error TS2769: No overload matches this call.
  Overload 1 of 2, '(this: ModelStatic<Member>, options: NonNullFindOptions<MemberAttributes>): Promise<Member>', gave the following error.
    Object literal may only specify known properties, and 'line_uid' does not exist in type 'WhereOptions<MemberAttributes>'.
  Overload 2 of 2, '(this: ModelStatic<Member>, options?: FindOptions<MemberAttributes> | undefined): Promise<Member | null>', gave the following error.
    Object literal may only specify known properties, and 'line_uid' does not exist in type 'WhereOptions<MemberAttributes>'.
src/middleware/authMiddleware.ts(70,18): error TS2769: No overload matches this call.
  Overload 1 of 2, '(this: ModelStatic<Member>, options: NonNullFindOptions<MemberAttributes>): Promise<Member>', gave the following error.
    Object literal may only specify known properties, and 'line_uid' does not exist in type 'WhereOptions<MemberAttributes>'.
  Overload 2 of 2, '(this: ModelStatic<Member>, options?: FindOptions<MemberAttributes> | undefined): Promise<Member | null>', gave the following error.
    Object literal may only specify known properties, and 'line_uid' does not exist in type 'WhereOptions<MemberAttributes>'.
src/scripts/test/testServiceFunctions.ts(61,73): error TS2339: Property 'line_uid' does not exist on type 'Member'.
src/scripts/tools/fullSystemTest.ts(10,41): error TS2307: Cannot find module '../controllers/lineController' or its corresponding type declarations.
src/scripts/tools/fullSystemTest.ts(11,43): error TS2307: Cannot find module '../controllers/memberController' or its corresponding type declarations.
src/scripts/tools/fullSystemTest.ts(12,49): error TS2307: Cannot find module '../controllers/announcementController' or its corresponding type declarations.
src/scripts/tools/fullSystemTest.ts(13,44): error TS2307: Cannot find module '../controllers/checkinController' or its corresponding type declarations.
src/scripts/tools/fullSystemTest.ts(14,41): error TS2307: Cannot find module '../controllers/liffController' or its corresponding type declarations.
src/scripts/tools/fullSystemTest.ts(24,38): error TS2307: Cannot find module '../routes/line/webhook' or its corresponding type declarations.
src/scripts/tools/fullSystemTest.ts(25,39): error TS2307: Cannot find module '../routes/api/members' or its corresponding type declarations.
src/scripts/tools/fullSystemTest.ts(26,45): error TS2307: Cannot find module '../routes/api/announcements' or its corresponding type declarations.
src/scripts/tools/fullSystemTest.ts(27,40): error TS2307: Cannot find module '../routes/api/checkin' or its corresponding type declarations.
src/scripts/tools/fullSystemTest.ts(28,37): error TS2307: Cannot find module '../routes/api/liff' or its corresponding type declarations.
src/scripts/tools/fullSystemTest.ts(29,38): error TS2307: Cannot find module '../routes/admin' or its corresponding type declarations.
src/scripts/tools/fullSystemTest.ts(39,38): error TS2307: Cannot find module '../services/lineService' or its corresponding type declarations.
src/scripts/tools/fullSystemTest.ts(49,33): error TS2307: Cannot find module '../models/index' or its corresponding type declarations.
src/scripts/tools/quickStart.ts(4,24): error TS2307: Cannot find module '../config/config' or its corresponding type declarations.
src/scripts/tools/quickStart.ts(5,23): error TS2307: Cannot find module '../config/database' or its corresponding type declarations.
src/scripts/tools/quickStart.ts(7,25): error TS2307: Cannot find module '../routes/admin' or its corresponding type declarations.
src/scripts/tools/quickStart.ts(8,26): error TS2307: Cannot find module '../routes/api/members' or its corresponding type declarations.
src/scripts/tools/quickStart.ts(9,27): error TS2307: Cannot find module '../routes/api/checkin' or its corresponding type declarations.
src/scripts/tools/quickStart.ts(10,24): error TS2307: Cannot find module '../routes/api/liff' or its corresponding type declarations.
src/scripts/tools/quickStart.ts(11,32): error TS2307: Cannot find module '../routes/api/announcements' or its corresponding type declarations.
src/scripts/tools/quickStart.ts(12,25): error TS2307: Cannot find module '../routes/line/webhook' or its corresponding type declarations.
src/scripts/tools/testLineModule.ts(3,40): error TS2307: Cannot find module '../types/line' or its corresponding type declarations.
src/scripts/tools/testLineModule.ts(40,34): error TS2307: Cannot find module '../routes/line/webhook' or its corresponding type declarations.
src/scripts/tools/testLineWebhook.ts(4,24): error TS2307: Cannot find module '../config/config' or its corresponding type declarations.
src/scripts/tools/testRoutesRefactor.ts(2,30): error TS2307: Cannot find module '../controllers/memberController' or its corresponding type declarations.
src/scripts/tools/testRoutesRefactor.ts(3,36): error TS2307: Cannot find module '../controllers/announcementController' or its corresponding type declarations.
src/scripts/tools/testRoutesRefactor.ts(4,31): error TS2307: Cannot find module '../controllers/checkinController' or its corresponding type declarations.
src/scripts/tools/testRoutesRefactor.ts(5,28): error TS2307: Cannot find module '../controllers/liffController' or its corresponding type declarations.
src/scripts/tools/testRoutesRefactor.ts(24,39): error TS2307: Cannot find module '../routes/api/members' or its corresponding type declarations.
src/scripts/tools/testRoutesRefactor.ts(25,45): error TS2307: Cannot find module '../routes/api/announcements' or its corresponding type declarations.
src/scripts/tools/testRoutesRefactor.ts(26,40): error TS2307: Cannot find module '../routes/api/checkin' or its corresponding type declarations.
src/scripts/tools/testRoutesRefactor.ts(27,37): error TS2307: Cannot find module '../routes/api/liff' or its corresponding type declarations.
src/services/adminService.ts(107,11): error TS2769: No overload matches this call.
  Overload 1 of 2, '(this: ModelStatic<...>, options: { logging?: boolean | ((sql: string, timing?: number | undefined) => void) | undefined; col?: string | undefined; where?: WhereOptions<MemberAttributes> | undefined; ... 7 more ...; group: GroupOption; }): Promise<...>', gave the following error.
    Type '{ line_user_id: { [OpTypes.ne]: null; }; status: string; }' is not assignable to type 'WhereOptions<MemberAttributes> | undefined'.
      Types of property 'line_user_id' are incompatible.
        Type '{ [OpTypes.ne]: null; }' is not assignable to type 'WhereAttributeHashValue<string | undefined>'.
          Types of property '[Op.ne]' are incompatible.
            Type 'null' is not assignable to type 'string | number | boolean | Date | Fn | Col | Literal | { [OpTypes.col]: string; } | Cast | Buffer<ArrayBufferLike> | { [OpTypes.all]: Literal | ... 1 more ... | { ...; }; } | { ...; } | { ...; } | { ...; } | undefined'.
  Overload 2 of 2, '(this: ModelStatic<Member>, options?: Omit<CountOptions<MemberAttributes>, "group"> | undefined): Promise<number>', gave the following error.
    Type '{ line_user_id: { [OpTypes.ne]: null; }; status: string; }' is not assignable to type 'WhereOptions<MemberAttributes> | undefined'.
      Types of property 'line_user_id' are incompatible.
        Type '{ [OpTypes.ne]: null; }' is not assignable to type 'WhereAttributeHashValue<string | undefined>'.
          Types of property '[Op.ne]' are incompatible.
            Type 'null' is not assignable to type 'string | number | boolean | Date | Fn | Col | Literal | { [OpTypes.col]: string; } | Cast | Buffer<ArrayBufferLike> | { [OpTypes.all]: Literal | ... 1 more ... | { ...; }; } | { ...; } | { ...; } | { ...; } | undefined'.
src/services/index.ts(7,40): error TS2307: Cannot find module './lineService' or its corresponding type declarations.
src/types/index.ts(82,1): error TS2308: Module './registration' has already exported a member named 'PaymentStatus'. Consider explicitly re-exporting to resolve the ambiguity.
src/types/role.ts(67,37): error TS2345: Argument of type 'Role' is not assignable to parameter of type 'Role.President | Role.Admin'.
src/utils/diagnostics/index.ts(3,10): error TS2305: Module '"./envCheck"' has no exported member 'checkEnvironment'.
src/utils/diagnostics/index.ts(8,10): error TS2724: '"./systemHealth"' has no exported member named 'SystemHealthChecker'. Did you mean 'runSystemHealthCheck'?
src/utils/diagnostics/index.ts(13,10): error TS2305: Module '"./liffDiagnostics"' has no exported member 'default'.
src/utils/diagnostics/index.ts(16,10): error TS2305: Module '"./troubleshoot"' has no exported member 'generateTroubleshootReport'.
src/utils/diagnostics/index.ts(17,10): error TS2305: Module '"./troubleshootReport"' has no exported member 'createTroubleshootReport'.
src/utils/diagnostics/index.ts(18,10): error TS2305: Module '"./detailedTroubleshootReport"' has no exported member 'generateDetailedReport'.
src/utils/diagnostics/index.ts(45,28): error TS2304: Cannot find name 'SystemDiagnostics'.
src/utils/diagnostics/index.ts(46,26): error TS2304: Cannot find name 'LiffDiagnostics'.
src/utils/diagnostics/index.ts(47,31): error TS2552: Cannot find name 'SystemHealthChecker'. Did you mean 'healthChecker'?
src/utils/diagnostics/troubleshoot.ts(279,53): error TS2307: Cannot find module '../tools/systemHealth' or its corresponding type declarations.
src/utils/index.ts(7,38): error TS2307: Cannot find module './envCheck' or its corresponding type declarations.
src/utils/index.ts(8,37): error TS2307: Cannot find module './envValidation' or its corresponding type declarations.

   å»ºè­°: è«‹ä¿®æ­£ TypeScript èªæ³•éŒ¯èª¤
âŒ [è³‡æ–™åº«] è³‡æ–™åº«æª¢æŸ¥å¤±æ•—
   è©³ç´°: Cannot find module '/home/runner/workspace/src/utils/tools/systemHealth' imported from /home/runner/workspace/src/utils/diagnostics/troubleshoot.ts
   å»ºè­°: ç¢ºèªè³‡æ–™åº«é…ç½®æ­£ç¢º

âš ï¸ è­¦å‘Šé …ç›® (6å€‹):
âš ï¸ [Routes] src/routes/api/liff.ts æœ‰æ½›åœ¨å•é¡Œ
   è©³ç´°: ä½¿ç”¨ç’°å¢ƒè®Šæ•¸ä½†æœªè¼‰å…¥ dotenv: process.env.LIFF_APP_ID
   å»ºè­°: å»ºè­°ä¿®æ­£ä¸Šè¿°å•é¡Œ
âš ï¸ [Utils] src/utils/diagnostics/troubleshootReport.ts æœ‰æ½›åœ¨å•é¡Œ
   è©³ç´°: ä½¿ç”¨ç’°å¢ƒè®Šæ•¸ä½†æœªè¼‰å…¥ dotenv: process.env.PORT
   å»ºè­°: å»ºè­°ä¿®æ­£ä¸Šè¿°å•é¡Œ
âš ï¸ [Utils] src/utils/diagnostics/liffDiagnostics.ts æœ‰æ½›åœ¨å•é¡Œ
   è©³ç´°: ä½¿ç”¨ç’°å¢ƒè®Šæ•¸ä½†æœªè¼‰å…¥ dotenv: process.env.LIFF_APP_ID, process.env.LINE_CHANNEL_ACCESS_TOKEN, process.env.LINE_CHANNEL_SECRET
   å»ºè­°: å»ºè­°ä¿®æ­£ä¸Šè¿°å•é¡Œ
âš ï¸ [Utils] src/utils/diagnostics/index.ts æœ‰æ½›åœ¨å•é¡Œ
   è©³ç´°: async å‡½æ•¸ç¼ºå°‘éŒ¯èª¤è™•ç†
   å»ºè­°: å»ºè­°ä¿®æ­£ä¸Šè¿°å•é¡Œ
âš ï¸ [Utils] src/utils/diagnostics/fullSystemDiagnostics.ts æœ‰æ½›åœ¨å•é¡Œ
   è©³ç´°: ä½¿ç”¨ç’°å¢ƒè®Šæ•¸ä½†æœªè¼‰å…¥ dotenv: process.env.PORT
   å»ºè­°: å»ºè­°ä¿®æ­£ä¸Šè¿°å•é¡Œ
âš ï¸ [Utils] src/utils/diagnostics/envValidation.ts æœ‰æ½›åœ¨å•é¡Œ
   è©³ç´°: ä½¿ç”¨ç’°å¢ƒè®Šæ•¸ä½†æœªè¼‰å…¥ dotenv: process.env.NODE_ENV, process.env.NODE_ENV, process.env.NODE_ENV
   å»ºè­°: å»ºè­°ä¿®æ­£ä¸Šè¿°å•é¡Œ

âœ… æ­£å¸¸é …ç›® (4å€‹):
âœ… [ç’°å¢ƒè®Šæ•¸] æ‰€æœ‰ç’°å¢ƒè®Šæ•¸éƒ½å·²æ­£ç¢ºè¨­å®š
âœ… [å‰ç«¯å¥—ä»¶] å‰ç«¯å¥—ä»¶å®‰è£æ­£å¸¸
âœ… [å‰ç«¯å¥—ä»¶] å‰ç«¯å¥—ä»¶å®‰è£æ­£å¸¸
âœ… [Health Check] Health check æˆåŠŸ

ğŸ’¡ ä¿®æ­£å»ºè­°æ‘˜è¦:
ğŸ”´ é«˜å„ªå…ˆç´š (éŒ¯èª¤):
1. è«‹ä¿®æ­£ TypeScript èªæ³•éŒ¯èª¤
2. ç¢ºèªè³‡æ–™åº«é…ç½®æ­£ç¢º

ğŸŸ¡ ä¸­å„ªå…ˆç´š (è­¦å‘Š):
1. å»ºè­°ä¿®æ­£ä¸Šè¿°å•é¡Œ
2. å»ºè­°ä¿®æ­£ä¸Šè¿°å•é¡Œ
3. å»ºè­°ä¿®æ­£ä¸Šè¿°å•é¡Œ
4. å»ºè­°ä¿®æ­£ä¸Šè¿°å•é¡Œ
5. å»ºè­°ä¿®æ­£ä¸Šè¿°å•é¡Œ
6. å»ºè­°ä¿®æ­£ä¸Šè¿°å•é¡Œ

ğŸ“Š ç³»çµ±å¥åº·åº¦è©•åˆ†:
33% (4/12 é …ç›®æ­£å¸¸)

============================================================
âœ… Health Check æˆåŠŸ
ğŸ“Š ç‹€æ…‹: healthy
ğŸ”Œ è³‡æ–™åº«: connected
ğŸ›£ï¸ è·¯ç”±: admin, checkin, members, webhook

ğŸ“‹ æ­¥é©Ÿ 5: ç”Ÿæˆå®Œæ•´å ±å‘Š...
================================================================================

ğŸš¨ åš´é‡éŒ¯èª¤ (3å€‹):
1. [TypeScriptç·¨è­¯] TypeScript ç·¨è­¯éŒ¯èª¤
   è©³ç´°: src/controllers/checkinController.ts(20,54): error TS2769: No overload matches this call.
  Overload 1 of 2, '(this: ModelStatic<Member>, options: NonNullFindOptions<MemberAttributes>): Promise<Member>', gave the following error.
    Object literal may only specify known properties, and 'line_uid' does not exist in type 'WhereOptions<MemberAttributes>'.
  Overload 2 of 2, '(this: ModelStatic<Member>, options?: FindOptions<MemberAttributes> | undefined): Promise<Member | null>', gave the following error.
    Object literal may only specify known properties, and 'line_uid' does not exist in type 'WhereOptions<MemberAttributes>'.
src/controllers/checkinController.ts(98,54): error TS2769: No overload matches this call.
  Overload 1 of 2, '(this: ModelStatic<Member>, options: NonNullFindOptions<MemberAttributes>): Promise<Member>', gave the following error.
    Object literal may only specify known properties, and 'line_uid' does not exist in type 'WhereOptions<MemberAttributes>'.
  Overload 2 of 2, '(this: ModelStatic<Member>, options?: FindOptions<MemberAttributes> | undefined): Promise<Member | null>', gave the following error.
    Object literal may only specify known properties, and 'line_uid' does not exist in type 'WhereOptions<MemberAttributes>'.
src/controllers/checkinController.ts(116,27): error TS2339: Property 'line_uid' does not exist on type 'Member'.
src/controllers/registrationController.ts(50,18): error TS2769: No overload matches this call.
  Overload 1 of 2, '(this: ModelStatic<Member>, options: NonNullFindOptions<MemberAttributes>): Promise<Member>', gave the following error.
    Object literal may only specify known properties, and 'line_uid' does not exist in type 'WhereOptions<MemberAttributes>'.
  Overload 2 of 2, '(this: ModelStatic<Member>, options?: FindOptions<MemberAttributes> | undefined): Promise<Member | null>', gave the following error.
    Object literal may only specify known properties, and 'line_uid' does not exist in type 'WhereOptions<MemberAttributes>'.
src/controllers/registrationController.ts(71,9): error TS2353: Object literal may only specify known properties, and 'line_uid' does not exist in type 'MemberCreationAttributes'.
src/controllers/registrationController.ts(121,18): error TS2769: No overload matches this call.
  Overload 1 of 2, '(this: ModelStatic<Member>, options: NonNullFindOptions<MemberAttributes>): Promise<Member>', gave the following error.
    Object literal may only specify known properties, and 'line_uid' does not exist in type 'WhereOptions<MemberAttributes>'.
  Overload 2 of 2, '(this: ModelStatic<Member>, options?: FindOptions<MemberAttributes> | undefined): Promise<Member | null>', gave the following error.
    Object literal may only specify known properties, and 'line_uid' does not exist in type 'WhereOptions<MemberAttributes>'.
src/integrations/line/lineService.ts(79,16): error TS2769: No overload matches this call.
  Overload 1 of 2, '(this: ModelStatic<Member>, options: NonNullFindOptions<MemberAttributes>): Promise<Member>', gave the following error.
    Object literal may only specify known properties, and 'line_uid' does not exist in type 'WhereOptions<MemberAttributes>'.
  Overload 2 of 2, '(this: ModelStatic<Member>, options?: FindOptions<MemberAttributes> | undefined): Promise<Member | null>', gave the following error.
    Object literal may only specify known properties, and 'line_uid' does not exist in type 'WhereOptions<MemberAttributes>'.
src/integrations/line/lineService.ts(92,64): error TS2345: Argument of type 'string | undefined' is not assignable to parameter of type 'string'.
  Type 'undefined' is not assignable to type 'string'.
src/integrations/line/lineService.ts(170,50): error TS2345: Argument of type '{ type: "flex"; altText: string; contents: { type: string; body: { type: string; layout: string; contents: ({ type: string; text: string; weight: string; size: string; color: string; margin?: undefined; wrap?: undefined; } | { ...; } | { ...; })[]; }; footer: { ...; }; }; }' is not assignable to parameter of type 'Message | Message[]'.
  Type '{ type: "flex"; altText: string; contents: { type: string; body: { type: string; layout: string; contents: ({ type: string; text: string; weight: string; size: string; color: string; margin?: undefined; wrap?: undefined; } | { ...; } | { ...; })[]; }; footer: { ...; }; }; }' is not assignable to type 'FlexMessage'.
    Type '{ type: "flex"; altText: string; contents: { type: string; body: { type: string; layout: string; contents: ({ type: string; text: string; weight: string; size: string; color: string; margin?: undefined; wrap?: undefined; } | { ...; } | { ...; })[]; }; footer: { ...; }; }; }' is not assignable to type '{ type: "flex"; altText: string; contents: FlexContainer; }'.
      Types of property 'contents' are incompatible.
        Type '{ type: string; body: { type: string; layout: string; contents: ({ type: string; text: string; weight: string; size: string; color: string; margin?: undefined; wrap?: undefined; } | { type: string; text: string; ... 4 more ...; wrap?: undefined; } | { ...; })[]; }; footer: { ...; }; }' is not assignable to type 'FlexContainer'.
          Type '{ type: string; body: { type: string; layout: string; contents: ({ type: string; text: string; weight: string; size: string; color: string; margin?: undefined; wrap?: undefined; } | { type: string; text: string; ... 4 more ...; wrap?: undefined; } | { ...; })[]; }; footer: { ...; }; }' is not assignable to type 'FlexBubble'.
            Types of property 'type' are incompatible.
              Type 'string' is not assignable to type '"bubble"'.
src/integrations/line/lineService.ts(192,16): error TS2769: No overload matches this call.
  Overload 1 of 2, '(this: ModelStatic<Member>, options: NonNullFindOptions<MemberAttributes>): Promise<Member>', gave the following error.
    Object literal may only specify known properties, and 'line_uid' does not exist in type 'WhereOptions<MemberAttributes>'.
  Overload 2 of 2, '(this: ModelStatic<Member>, options?: FindOptions<MemberAttributes> | undefined): Promise<Member | null>', gave the following error.
    Object literal may only specify known properties, and 'line_uid' does not exist in type 'WhereOptions<MemberAttributes>'.
src/integrations/line/lineService.ts(256,49): error TS2345: Argument of type '{ type: "flex"; altText: string; contents: { type: string; body: { type: string; layout: string; contents: ({ type: string; text: string; weight: string; size: string; color: string; wrap?: undefined; margin?: undefined; } | { ...; } | { ...; })[]; }; footer: { ...; }; }; }' is not assignable to parameter of type 'Message | Message[]'.
  Type '{ type: "flex"; altText: string; contents: { type: string; body: { type: string; layout: string; contents: ({ type: string; text: string; weight: string; size: string; color: string; wrap?: undefined; margin?: undefined; } | { ...; } | { ...; })[]; }; footer: { ...; }; }; }' is not assignable to type 'FlexMessage'.
    Type '{ type: "flex"; altText: string; contents: { type: string; body: { type: string; layout: string; contents: ({ type: string; text: string; weight: string; size: string; color: string; wrap?: undefined; margin?: undefined; } | { ...; } | { ...; })[]; }; footer: { ...; }; }; }' is not assignable to type '{ type: "flex"; altText: string; contents: FlexContainer; }'.
      Types of property 'contents' are incompatible.
        Type '{ type: string; body: { type: string; layout: string; contents: ({ type: string; text: string; weight: string; size: string; color: string; wrap?: undefined; margin?: undefined; } | { type: string; text: string; ... 4 more ...; margin?: undefined; } | { ...; })[]; }; footer: { ...; }; }' is not assignable to type 'FlexContainer'.
          Type '{ type: string; body: { type: string; layout: string; contents: ({ type: string; text: string; weight: string; size: string; color: string; wrap?: undefined; margin?: undefined; } | { type: string; text: string; ... 4 more ...; margin?: undefined; } | { ...; })[]; }; footer: { ...; }; }' is not assignable to type 'FlexBubble'.
            Types of property 'type' are incompatible.
              Type 'string' is not assignable to type '"bubble"'.
src/middleware/authMiddleware.ts(33,16): error TS2769: No overload matches this call.
  Overload 1 of 2, '(this: ModelStatic<Member>, options: NonNullFindOptions<MemberAttributes>): Promise<Member>', gave the following error.
    Object literal may only specify known properties, and 'line_uid' does not exist in type 'WhereOptions<MemberAttributes>'.
  Overload 2 of 2, '(this: ModelStatic<Member>, options?: FindOptions<MemberAttributes> | undefined): Promise<Member | null>', gave the following error.
    Object literal may only specify known properties, and 'line_uid' does not exist in type 'WhereOptions<MemberAttributes>'.
src/middleware/authMiddleware.ts(70,18): error TS2769: No overload matches this call.
  Overload 1 of 2, '(this: ModelStatic<Member>, options: NonNullFindOptions<MemberAttributes>): Promise<Member>', gave the following error.
    Object literal may only specify known properties, and 'line_uid' does not exist in type 'WhereOptions<MemberAttributes>'.
  Overload 2 of 2, '(this: ModelStatic<Member>, options?: FindOptions<MemberAttributes> | undefined): Promise<Member | null>', gave the following error.
    Object literal may only specify known properties, and 'line_uid' does not exist in type 'WhereOptions<MemberAttributes>'.
src/scripts/test/testServiceFunctions.ts(61,73): error TS2339: Property 'line_uid' does not exist on type 'Member'.
src/scripts/tools/fullSystemTest.ts(10,41): error TS2307: Cannot find module '../controllers/lineController' or its corresponding type declarations.
src/scripts/tools/fullSystemTest.ts(11,43): error TS2307: Cannot find module '../controllers/memberController' or its corresponding type declarations.
src/scripts/tools/fullSystemTest.ts(12,49): error TS2307: Cannot find module '../controllers/announcementController' or its corresponding type declarations.
src/scripts/tools/fullSystemTest.ts(13,44): error TS2307: Cannot find module '../controllers/checkinController' or its corresponding type declarations.
src/scripts/tools/fullSystemTest.ts(14,41): error TS2307: Cannot find module '../controllers/liffController' or its corresponding type declarations.
src/scripts/tools/fullSystemTest.ts(24,38): error TS2307: Cannot find module '../routes/line/webhook' or its corresponding type declarations.
src/scripts/tools/fullSystemTest.ts(25,39): error TS2307: Cannot find module '../routes/api/members' or its corresponding type declarations.
src/scripts/tools/fullSystemTest.ts(26,45): error TS2307: Cannot find module '../routes/api/announcements' or its corresponding type declarations.
src/scripts/tools/fullSystemTest.ts(27,40): error TS2307: Cannot find module '../routes/api/checkin' or its corresponding type declarations.
src/scripts/tools/fullSystemTest.ts(28,37): error TS2307: Cannot find module '../routes/api/liff' or its corresponding type declarations.
src/scripts/tools/fullSystemTest.ts(29,38): error TS2307: Cannot find module '../routes/admin' or its corresponding type declarations.
src/scripts/tools/fullSystemTest.ts(39,38): error TS2307: Cannot find module '../services/lineService' or its corresponding type declarations.
src/scripts/tools/fullSystemTest.ts(49,33): error TS2307: Cannot find module '../models/index' or its corresponding type declarations.
src/scripts/tools/quickStart.ts(4,24): error TS2307: Cannot find module '../config/config' or its corresponding type declarations.
src/scripts/tools/quickStart.ts(5,23): error TS2307: Cannot find module '../config/database' or its corresponding type declarations.
src/scripts/tools/quickStart.ts(7,25): error TS2307: Cannot find module '../routes/admin' or its corresponding type declarations.
src/scripts/tools/quickStart.ts(8,26): error TS2307: Cannot find module '../routes/api/members' or its corresponding type declarations.
src/scripts/tools/quickStart.ts(9,27): error TS2307: Cannot find module '../routes/api/checkin' or its corresponding type declarations.
src/scripts/tools/quickStart.ts(10,24): error TS2307: Cannot find module '../routes/api/liff' or its corresponding type declarations.
src/scripts/tools/quickStart.ts(11,32): error TS2307: Cannot find module '../routes/api/announcements' or its corresponding type declarations.
src/scripts/tools/quickStart.ts(12,25): error TS2307: Cannot find module '../routes/line/webhook' or its corresponding type declarations.
src/scripts/tools/testLineModule.ts(3,40): error TS2307: Cannot find module '../types/line' or its corresponding type declarations.
src/scripts/tools/testLineModule.ts(40,34): error TS2307: Cannot find module '../routes/line/webhook' or its corresponding type declarations.
src/scripts/tools/testLineWebhook.ts(4,24): error TS2307: Cannot find module '../config/config' or its corresponding type declarations.
src/scripts/tools/testRoutesRefactor.ts(2,30): error TS2307: Cannot find module '../controllers/memberController' or its corresponding type declarations.
src/scripts/tools/testRoutesRefactor.ts(3,36): error TS2307: Cannot find module '../controllers/announcementController' or its corresponding type declarations.
src/scripts/tools/testRoutesRefactor.ts(4,31): error TS2307: Cannot find module '../controllers/checkinController' or its corresponding type declarations.
src/scripts/tools/testRoutesRefactor.ts(5,28): error TS2307: Cannot find module '../controllers/liffController' or its corresponding type declarations.
src/scripts/tools/testRoutesRefactor.ts(24,39): error TS2307: Cannot find module '../routes/api/members' or its corresponding type declarations.
src/scripts/tools/testRoutesRefactor.ts(25,45): error TS2307: Cannot find module '../routes/api/announcements' or its corresponding type declarations.
src/scripts/tools/testRoutesRefactor.ts(26,40): error TS2307: Cannot find module '../routes/api/checkin' or its corresponding type declarations.
src/scripts/tools/testRoutesRefactor.ts(27,37): error TS2307: Cannot find module '../routes/api/liff' or its corresponding type declarations.
src/services/adminService.ts(107,11): error TS2769: No overload matches this call.
  Overload 1 of 2, '(this: ModelStatic<...>, options: { logging?: boolean | ((sql: string, timing?: number | undefined) => void) | undefined; col?: string | undefined; where?: WhereOptions<MemberAttributes> | undefined; ... 7 more ...; group: GroupOption; }): Promise<...>', gave the following error.
    Type '{ line_user_id: { [OpTypes.ne]: null; }; status: string; }' is not assignable to type 'WhereOptions<MemberAttributes> | undefined'.
      Types of property 'line_user_id' are incompatible.
        Type '{ [OpTypes.ne]: null; }' is not assignable to type 'WhereAttributeHashValue<string | undefined>'.
          Types of property '[Op.ne]' are incompatible.
            Type 'null' is not assignable to type 'string | number | boolean | Date | Fn | Col | Literal | { [OpTypes.col]: string; } | Cast | Buffer<ArrayBufferLike> | { [OpTypes.all]: Literal | ... 1 more ... | { ...; }; } | { ...; } | { ...; } | { ...; } | undefined'.
  Overload 2 of 2, '(this: ModelStatic<Member>, options?: Omit<CountOptions<MemberAttributes>, "group"> | undefined): Promise<number>', gave the following error.
    Type '{ line_user_id: { [OpTypes.ne]: null; }; status: string; }' is not assignable to type 'WhereOptions<MemberAttributes> | undefined'.
      Types of property 'line_user_id' are incompatible.
        Type '{ [OpTypes.ne]: null; }' is not assignable to type 'WhereAttributeHashValue<string | undefined>'.
          Types of property '[Op.ne]' are incompatible.
            Type 'null' is not assignable to type 'string | number | boolean | Date | Fn | Col | Literal | { [OpTypes.col]: string; } | Cast | Buffer<ArrayBufferLike> | { [OpTypes.all]: Literal | ... 1 more ... | { ...; }; } | { ...; } | { ...; } | { ...; } | undefined'.
src/services/index.ts(7,40): error TS2307: Cannot find module './lineService' or its corresponding type declarations.
src/types/index.ts(82,1): error TS2308: Module './registration' has already exported a member named 'PaymentStatus'. Consider explicitly re-exporting to resolve the ambiguity.
src/types/role.ts(67,37): error TS2345: Argument of type 'Role' is not assignable to parameter of type 'Role.President | Role.Admin'.
src/utils/diagnostics/index.ts(3,10): error TS2305: Module '"./envCheck"' has no exported member 'checkEnvironment'.
src/utils/diagnostics/index.ts(8,10): error TS2724: '"./systemHealth"' has no exported member named 'SystemHealthChecker'. Did you mean 'runSystemHealthCheck'?
src/utils/diagnostics/index.ts(13,10): error TS2305: Module '"./liffDiagnostics"' has no exported member 'default'.
src/utils/diagnostics/index.ts(16,10): error TS2305: Module '"./troubleshoot"' has no exported member 'generateTroubleshootReport'.
src/utils/diagnostics/index.ts(17,10): error TS2305: Module '"./troubleshootReport"' has no exported member 'createTroubleshootReport'.
src/utils/diagnostics/index.ts(18,10): error TS2305: Module '"./detailedTroubleshootReport"' has no exported member 'generateDetailedReport'.
src/utils/diagnostics/index.ts(45,28): error TS2304: Cannot find name 'SystemDiagnostics'.
src/utils/diagnostics/index.ts(46,26): error TS2304: Cannot find name 'LiffDiagnostics'.
src/utils/diagnostics/index.ts(47,31): error TS2552: Cannot find name 'SystemHealthChecker'. Did you mean 'healthChecker'?
src/utils/diagnostics/troubleshoot.ts(279,53): error TS2307: Cannot find module '../tools/systemHealth' or its corresponding type declarations.
src/utils/index.ts(7,38): error TS2307: Cannot find module './envCheck' or its corresponding type declarations.
src/utils/index.ts(8,37): error TS2307: Cannot find module './envValidation' or its corresponding type declarations.

   å»ºè­°: ä¿®æ­£ TypeScript èªæ³•éŒ¯èª¤

2. [å‰ç«¯LIFF] LIFF App ID æœªè¨­å®š
   è©³ç´°: public/liff.html ç¼ºå°‘ LIFF App ID
   å»ºè­°: è¨­å®šæ­£ç¢ºçš„ LIFF App ID

3. [LIFFæœå‹™] LIFF æœå‹™æœªæ­£ç¢ºé…ç½®
   è©³ç´°: Health Check é¡¯ç¤º LIFF æœå‹™ç‹€æ…‹ç•°å¸¸
   å»ºè­°: æª¢æŸ¥ LIFF æ‡‰ç”¨ç¨‹å¼è¨­å®š


âš ï¸ è­¦å‘Šäº‹é … (0å€‹):

ğŸ’¡ è³‡è¨Šæç¤º (1å€‹):
1. [Routes] src/routes/api/liff.ts ä½¿ç”¨ç’°å¢ƒè®Šæ•¸ä½†æœªè¼‰å…¥ dotenv
   è©³ç´°: å¯èƒ½å°è‡´ç’°å¢ƒè®Šæ•¸æœªæ­£ç¢ºè¼‰å…¥
   å»ºè­°: ç¢ºèª dotenv å·²åœ¨ä¸»ç¨‹å¼è¼‰å…¥


ğŸ“Š ç³»çµ±å¥åº·åº¦è©•åˆ†:
35% (3 å€‹åš´é‡å•é¡Œ)

ğŸ”§ å„ªå…ˆä¿®æ­£å»ºè­°:
1. ç«‹å³ä¿®æ­£æ‰€æœ‰åš´é‡éŒ¯èª¤
   â€¢ ä¿®æ­£ TypeScript èªæ³•éŒ¯èª¤
   â€¢ è¨­å®šæ­£ç¢ºçš„ LIFF App ID
   â€¢ æª¢æŸ¥ LIFF æ‡‰ç”¨ç¨‹å¼è¨­å®š

âœ… å ±å‘Šå·²å„²å­˜è‡³ detailed_troubleshoot_report.json
================================================================================
âœ… è³‡æ–™åº«é€£ç·šæˆåŠŸ
âœ… è³‡æ–™åº«æŸ¥è©¢æ¸¬è©¦æˆåŠŸ

ğŸ“¦ 6. æª¢æŸ¥å¥—ä»¶ä¾è³´...
âœ… å…± 23 å€‹å¥—ä»¶
âœ… express: ^5.1.0
âœ… sequelize: ^6.37.7
âœ… @line/bot-sdk: ^10.0.0
âœ… dotenv: ^17.2.0

============================================================
ğŸ“‹ è¨ºæ–·å®Œæˆ
============================================================

ğŸ’¡ å»ºè­°ä¿®æ­£äº‹é …:
1. ç¢ºä¿æ‰€æœ‰ç’°å¢ƒè®Šæ•¸éƒ½å·²æ­£ç¢ºè¨­å®š
2. æª¢æŸ¥ä¼ºæœå™¨æ˜¯å¦æ­£å¸¸é‹è¡Œ
3. ç¢ºèªè³‡æ–™åº«é€£ç·šè¨­å®šæ­£ç¢º
4. åŸ·è¡Œ npm install ç¢ºä¿æ‰€æœ‰ä¾è³´å·²å®‰è£
5. æª¢æŸ¥é˜²ç«ç‰†æ˜¯